c:\users\gamer\desktop\text game adventure\jack-and-the-cursed-forest\x64\release\vc142.pdb
c:\users\gamer\desktop\text game adventure\jack-and-the-cursed-forest\x64\release\room.obj
c:\users\gamer\desktop\text game adventure\jack-and-the-cursed-forest\x64\release\world.obj
c:\users\gamer\desktop\text game adventure\jack-and-the-cursed-forest\x64\release\textsvideogame.obj
c:\users\gamer\desktop\text game adventure\jack-and-the-cursed-forest\x64\release\creature.obj
c:\users\gamer\desktop\text game adventure\jack-and-the-cursed-forest\x64\release\player.obj
c:\users\gamer\desktop\text game adventure\jack-and-the-cursed-forest\x64\release\main.obj
c:\users\gamer\desktop\text game adventure\jack-and-the-cursed-forest\x64\release\item.obj
c:\users\gamer\desktop\text game adventure\jack-and-the-cursed-forest\x64\release\global.obj
c:\users\gamer\desktop\text game adventure\jack-and-the-cursed-forest\x64\release\enemy.obj
c:\users\gamer\desktop\text game adventure\jack-and-the-cursed-forest\x64\release\combination.obj
c:\users\gamer\desktop\text game adventure\jack-and-the-cursed-forest\x64\release\textadventuregame.exe
c:\users\gamer\desktop\text game adventure\jack-and-the-cursed-forest\x64\release\textadventuregame.pdb
c:\users\gamer\desktop\text game adventure\jack-and-the-cursed-forest\x64\release\textadventuregame.ipdb
c:\users\gamer\desktop\text game adventure\jack-and-the-cursed-forest\x64\release\textadventuregame.iobj
c:\users\gamer\desktop\text game adventure\jack-and-the-cursed-forest\x64\release\textadve.2ac7ece2.tlog\cl.command.1.tlog
c:\users\gamer\desktop\text game adventure\jack-and-the-cursed-forest\x64\release\textadve.2ac7ece2.tlog\cl.read.1.tlog
c:\users\gamer\desktop\text game adventure\jack-and-the-cursed-forest\x64\release\textadve.2ac7ece2.tlog\cl.write.1.tlog
c:\users\gamer\desktop\text game adventure\jack-and-the-cursed-forest\x64\release\textadve.2ac7ece2.tlog\link.command.1.tlog
c:\users\gamer\desktop\text game adventure\jack-and-the-cursed-forest\x64\release\textadve.2ac7ece2.tlog\link.read.1.tlog
c:\users\gamer\desktop\text game adventure\jack-and-the-cursed-forest\x64\release\textadve.2ac7ece2.tlog\link.write.1.tlog
c:\users\gamer\desktop\text game adventure\jack-and-the-cursed-forest\x64\release\textadve.2ac7ece2.tlog\textadventuregame.write.1u.tlog
