c:\users\gamer\desktop\text game adventure\jack-and-the-cursed-forest\x64\debug\vc142.pdb
c:\users\gamer\desktop\text game adventure\jack-and-the-cursed-forest\x64\debug\vc142.idb
c:\users\gamer\desktop\text game adventure\jack-and-the-cursed-forest\x64\debug\room.obj
c:\users\gamer\desktop\text game adventure\jack-and-the-cursed-forest\x64\debug\world.obj
c:\users\gamer\desktop\text game adventure\jack-and-the-cursed-forest\x64\debug\creature.obj
c:\users\gamer\desktop\text game adventure\jack-and-the-cursed-forest\x64\debug\player.obj
c:\users\gamer\desktop\text game adventure\jack-and-the-cursed-forest\x64\debug\main.obj
c:\users\gamer\desktop\text game adventure\jack-and-the-cursed-forest\x64\debug\item.obj
c:\users\gamer\desktop\text game adventure\jack-and-the-cursed-forest\x64\debug\global.obj
c:\users\gamer\desktop\text game adventure\jack-and-the-cursed-forest\x64\debug\enemy.obj
c:\users\gamer\desktop\text game adventure\jack-and-the-cursed-forest\x64\debug\combination.obj
c:\users\gamer\desktop\text game adventure\jack-and-the-cursed-forest\x64\debug\textsvideogame.obj
c:\users\gamer\desktop\text game adventure\jack-and-the-cursed-forest\x64\debug\textadventuregame.exe
c:\users\gamer\desktop\text game adventure\jack-and-the-cursed-forest\x64\debug\textadventuregame.ilk
c:\users\gamer\desktop\text game adventure\jack-and-the-cursed-forest\x64\debug\textadventuregame.pdb
c:\users\gamer\desktop\text game adventure\jack-and-the-cursed-forest\x64\debug\textadve.2ac7ece2.tlog\cl.command.1.tlog
c:\users\gamer\desktop\text game adventure\jack-and-the-cursed-forest\x64\debug\textadve.2ac7ece2.tlog\cl.read.1.tlog
c:\users\gamer\desktop\text game adventure\jack-and-the-cursed-forest\x64\debug\textadve.2ac7ece2.tlog\cl.write.1.tlog
c:\users\gamer\desktop\text game adventure\jack-and-the-cursed-forest\x64\debug\textadve.2ac7ece2.tlog\link.command.1.tlog
c:\users\gamer\desktop\text game adventure\jack-and-the-cursed-forest\x64\debug\textadve.2ac7ece2.tlog\link.read.1.tlog
c:\users\gamer\desktop\text game adventure\jack-and-the-cursed-forest\x64\debug\textadve.2ac7ece2.tlog\link.write.1.tlog
